build/app/intermediates/manifest_merge_blame_file/release/manifest-merger-blame-release-report.txt
1<?xml version="1.0" encoding="utf-8"?>
2<manifest xmlns:android="http://schemas.android.com/apk/res/android"
3    package="com.eco.temp"
4    android:versionCode="1"
5    android:versionName="1.0.0" >
6
7    <uses-sdk
8        android:minSdkVersion="21"
8-->src/main/AndroidManifest.xml
9        android:targetSdkVersion="30" />
9-->src/main/AndroidManifest.xml
10
11    <uses-permission android:name="android.permission.INTERTNET" />
11-->src/main/AndroidManifest.xml:3:5-67
11-->src/main/AndroidManifest.xml:3:22-65
12    <uses-permission android:name="android.permission.ACCESS_NETWORK_STATE" />
12-->src/main/AndroidManifest.xml:4:5-79
12-->src/main/AndroidManifest.xml:4:22-76
13    <uses-permission android:name="android.permission.WRITE_EXTERNAL_STORAGE" />
13-->src/main/AndroidManifest.xml:5:5-80
13-->src/main/AndroidManifest.xml:5:22-78
14    <uses-permission android:name="android.permission.READ_EXTERNAL_STORAGE" />
14-->src/main/AndroidManifest.xml:6:5-79
14-->src/main/AndroidManifest.xml:6:22-77
15    <uses-permission android:name="android.permission.ACCESS_COARSE_LOCATION" />
15-->src/main/AndroidManifest.xml:7:5-81
15-->src/main/AndroidManifest.xml:7:22-78
16    <uses-permission android:name="android.permission.ACCESS_FINE_LOCATION" />
16-->[:location] AndroidManifest.xml:8:5-79
16-->[:location] AndroidManifest.xml:8:22-76
17    <uses-permission android:name="android.permission.INTERNET" />
17-->[:google_sign_in] AndroidManifest.xml:7:5-67
17-->[:google_sign_in] AndroidManifest.xml:7:22-64
18    <uses-permission android:name="android.permission.WAKE_LOCK" /> <!-- Required by older versions of Google Play services to create IID tokens -->
18-->[com.google.firebase:firebase-messaging:22.0.0] AndroidManifest.xml:23:5-68
18-->[com.google.firebase:firebase-messaging:22.0.0] AndroidManifest.xml:23:22-65
19    <uses-permission android:name="com.google.android.c2dm.permission.RECEIVE" />
19-->[com.google.firebase:firebase-messaging:22.0.0] AndroidManifest.xml:25:5-82
19-->[com.google.firebase:firebase-messaging:22.0.0] AndroidManifest.xml:25:22-79
20    <uses-permission android:name="com.google.android.finsky.permission.BIND_GET_INSTALL_REFERRER_SERVICE" />
20-->[com.google.android.gms:play-services-measurement:19.0.1] AndroidManifest.xml:26:5-110
20-->[com.google.android.gms:play-services-measurement:19.0.1] AndroidManifest.xml:26:22-107
21
22    <uses-feature
22-->[com.google.android.gms:play-services-maps:17.0.0] AndroidManifest.xml:26:5-28:35
23        android:glEsVersion="0x00020000"
23-->[com.google.android.gms:play-services-maps:17.0.0] AndroidManifest.xml:27:9-41
24        android:required="true" />
24-->[com.google.android.gms:play-services-maps:17.0.0] AndroidManifest.xml:28:9-32
25
26    <application
26-->src/main/AndroidManifest.xml:12:5-59:19
27        android:appComponentFactory="androidx.core.app.CoreComponentFactory"
27-->[androidx.core:core:1.3.2] AndroidManifest.xml:24:18-86
28        android:icon="@mipmap/launcher_icon"
28-->src/main/AndroidManifest.xml:14:9-45
29        android:label="المتجر الالكتروني "
29-->src/main/AndroidManifest.xml:13:9-43
30        android:supportsRtl="true" >
30-->[com.facebook.android:facebook-login:5.5.1] AndroidManifest.xml:28:18-44
31        <meta-data
31-->src/main/AndroidManifest.xml:16:9-17:70
32            android:name="com.google.android.geo.API_KEY"
32-->src/main/AndroidManifest.xml:16:20-65
33            android:value="AIzaSyBW3WO2ZHalL-yrQLLdTogo8LKT-yB5xyU" />
33-->src/main/AndroidManifest.xml:17:13-68
34
35        <activity
35-->src/main/AndroidManifest.xml:19:9-51:20
36            android:name="com.eco.temp.MainActivity"
36-->src/main/AndroidManifest.xml:20:13-41
37            android:configChanges="orientation|keyboardHidden|keyboard|screenSize|smallestScreenSize|locale|layoutDirection|fontScale|screenLayout|density|uiMode"
37-->src/main/AndroidManifest.xml:23:13-163
38            android:hardwareAccelerated="true"
38-->src/main/AndroidManifest.xml:24:13-47
39            android:launchMode="singleTask"
39-->src/main/AndroidManifest.xml:21:13-44
40            android:theme="@style/LaunchTheme"
40-->src/main/AndroidManifest.xml:22:13-47
41            android:windowSoftInputMode="adjustResize" >
41-->src/main/AndroidManifest.xml:25:13-55
42
43            <!--
44                 Specifies an Android theme to apply to this Activity as soon as
45                 the Android process has started. This theme is visible to the user
46                 while the Flutter UI initializes. After that, this theme continues
47                 to determine the Window background behind the Flutter UI.
48            -->
49            <meta-data
49-->src/main/AndroidManifest.xml:30:13-33:19
50                android:name="io.flutter.embedding.android.NormalTheme"
50-->src/main/AndroidManifest.xml:31:17-72
51                android:resource="@style/NormalTheme" />
51-->src/main/AndroidManifest.xml:32:17-54
52            <!--
53                 Displays an Android View that continues showing the launch screen
54                 Drawable until Flutter paints its first frame, then this splash
55                 screen fades out. A splash screen is useful to avoid any visual
56                 gap between the end of Android's launch screen and the painting of
57                 Flutter's first frame.
58            -->
59            <meta-data
59-->src/main/AndroidManifest.xml:39:13-42:19
60                android:name="io.flutter.embedding.android.SplashScreenDrawable"
60-->src/main/AndroidManifest.xml:40:17-81
61                android:resource="@drawable/launch_background" />
61-->src/main/AndroidManifest.xml:41:17-63
62
63            <intent-filter>
63-->src/main/AndroidManifest.xml:43:13-46:29
64                <action android:name="android.intent.action.MAIN" />
64-->src/main/AndroidManifest.xml:44:17-68
64-->src/main/AndroidManifest.xml:44:25-66
65
66                <category android:name="android.intent.category.LAUNCHER" />
66-->src/main/AndroidManifest.xml:45:17-76
66-->src/main/AndroidManifest.xml:45:27-74
67            </intent-filter>
68            <intent-filter>
68-->src/main/AndroidManifest.xml:47:13-50:29
69                <action android:name="FLUTTER_NOTIFICATION_CLICK" />
69-->src/main/AndroidManifest.xml:48:17-69
69-->src/main/AndroidManifest.xml:48:25-66
70
71                <category android:name="android.intent.category.DEFAULT" />
71-->src/main/AndroidManifest.xml:49:17-76
71-->src/main/AndroidManifest.xml:49:27-73
72            </intent-filter>
73        </activity>
74        <!--
75             Don't delete the meta-data below.
76             This is used by the Flutter tool to generate GeneratedPluginRegistrant.java
77        -->
78        <meta-data
78-->src/main/AndroidManifest.xml:54:9-56:33
79            android:name="flutterEmbedding"
79-->src/main/AndroidManifest.xml:55:13-44
80            android:value="2" />
80-->src/main/AndroidManifest.xml:56:13-30
81
82        <service
82-->[:cloud_firestore] AndroidManifest.xml:8:9-12:19
83            android:name="com.google.firebase.components.ComponentDiscoveryService"
83-->[:cloud_firestore] AndroidManifest.xml:8:18-89
84            android:directBootAware="true"
84-->[com.google.firebase:firebase-common:20.0.0] AndroidManifest.xml:35:13-43
85            android:exported="false" >
85-->[com.google.firebase:firebase-analytics-ktx:19.0.1] AndroidManifest.xml:10:13-37
86            <meta-data
86-->[:cloud_firestore] AndroidManifest.xml:9:13-11:85
87                android:name="com.google.firebase.components:io.flutter.plugins.firebase.firestore.FlutterFirebaseFirestoreRegistrar"
87-->[:cloud_firestore] AndroidManifest.xml:10:17-134
88                android:value="com.google.firebase.components.ComponentRegistrar" />
88-->[:cloud_firestore] AndroidManifest.xml:11:17-82
89            <meta-data
89-->[:firebase_auth] AndroidManifest.xml:9:13-11:85
90                android:name="com.google.firebase.components:io.flutter.plugins.firebase.auth.FlutterFirebaseAuthRegistrar"
90-->[:firebase_auth] AndroidManifest.xml:10:17-124
91                android:value="com.google.firebase.components.ComponentRegistrar" />
91-->[:firebase_auth] AndroidManifest.xml:11:17-82
92            <meta-data
92-->[:firebase_messaging] AndroidManifest.xml:14:13-16:85
93                android:name="com.google.firebase.components:io.flutter.plugins.firebasemessaging.FlutterFirebaseAppRegistrar"
93-->[:firebase_messaging] AndroidManifest.xml:15:17-127
94                android:value="com.google.firebase.components.ComponentRegistrar" />
94-->[:firebase_messaging] AndroidManifest.xml:16:17-82
95            <meta-data
95-->[:firebase_core] AndroidManifest.xml:9:13-11:85
96                android:name="com.google.firebase.components:io.flutter.plugins.firebase.core.FlutterFirebaseCoreRegistrar"
96-->[:firebase_core] AndroidManifest.xml:10:17-124
97                android:value="com.google.firebase.components.ComponentRegistrar" />
97-->[:firebase_core] AndroidManifest.xml:11:17-82
98            <meta-data
98-->[com.google.firebase:firebase-analytics-ktx:19.0.1] AndroidManifest.xml:11:13-13:85
99                android:name="com.google.firebase.components:com.google.firebase.analytics.ktx.FirebaseAnalyticsKtxRegistrar"
99-->[com.google.firebase:firebase-analytics-ktx:19.0.1] AndroidManifest.xml:12:17-126
100                android:value="com.google.firebase.components.ComponentRegistrar" />
100-->[com.google.firebase:firebase-analytics-ktx:19.0.1] AndroidManifest.xml:13:17-82
101            <meta-data
101-->[com.google.firebase:firebase-common-ktx:20.0.0] AndroidManifest.xml:15:13-17:85
102                android:name="com.google.firebase.components:com.google.firebase.ktx.FirebaseCommonKtxRegistrar"
102-->[com.google.firebase:firebase-common-ktx:20.0.0] AndroidManifest.xml:16:17-113
103                android:value="com.google.firebase.components.ComponentRegistrar" />
103-->[com.google.firebase:firebase-common-ktx:20.0.0] AndroidManifest.xml:17:17-82
104            <meta-data
104-->[com.google.firebase:firebase-messaging:22.0.0] AndroidManifest.xml:52:13-54:85
105                android:name="com.google.firebase.components:com.google.firebase.messaging.FirebaseMessagingRegistrar"
105-->[com.google.firebase:firebase-messaging:22.0.0] AndroidManifest.xml:53:17-119
106                android:value="com.google.firebase.components.ComponentRegistrar" />
106-->[com.google.firebase:firebase-messaging:22.0.0] AndroidManifest.xml:54:17-82
107            <meta-data
107-->[com.google.firebase:firebase-datatransport:18.0.0] AndroidManifest.xml:28:13-30:85
108                android:name="com.google.firebase.components:com.google.firebase.datatransport.TransportRegistrar"
108-->[com.google.firebase:firebase-datatransport:18.0.0] AndroidManifest.xml:29:17-115
109                android:value="com.google.firebase.components.ComponentRegistrar" />
109-->[com.google.firebase:firebase-datatransport:18.0.0] AndroidManifest.xml:30:17-82
110            <meta-data
110-->[com.google.firebase:firebase-auth:21.0.1] AndroidManifest.xml:77:13-79:85
111                android:name="com.google.firebase.components:com.google.firebase.auth.FirebaseAuthRegistrar"
111-->[com.google.firebase:firebase-auth:21.0.1] AndroidManifest.xml:78:17-109
112                android:value="com.google.firebase.components.ComponentRegistrar" />
112-->[com.google.firebase:firebase-auth:21.0.1] AndroidManifest.xml:79:17-82
113            <meta-data
113-->[com.google.firebase:firebase-firestore:23.0.3] AndroidManifest.xml:20:13-22:85
114                android:name="com.google.firebase.components:com.google.firebase.firestore.FirestoreRegistrar"
114-->[com.google.firebase:firebase-firestore:23.0.3] AndroidManifest.xml:21:17-111
115                android:value="com.google.firebase.components.ComponentRegistrar" />
115-->[com.google.firebase:firebase-firestore:23.0.3] AndroidManifest.xml:22:17-82
116            <meta-data
116-->[com.google.android.gms:play-services-measurement-api:19.0.1] AndroidManifest.xml:30:13-32:85
117                android:name="com.google.firebase.components:com.google.firebase.analytics.connector.internal.AnalyticsConnectorRegistrar"
117-->[com.google.android.gms:play-services-measurement-api:19.0.1] AndroidManifest.xml:31:17-139
118                android:value="com.google.firebase.components.ComponentRegistrar" />
118-->[com.google.android.gms:play-services-measurement-api:19.0.1] AndroidManifest.xml:32:17-82
119            <meta-data
119-->[com.google.firebase:firebase-installations:17.0.0] AndroidManifest.xml:18:13-20:85
120                android:name="com.google.firebase.components:com.google.firebase.installations.FirebaseInstallationsRegistrar"
120-->[com.google.firebase:firebase-installations:17.0.0] AndroidManifest.xml:19:17-127
121                android:value="com.google.firebase.components.ComponentRegistrar" />
121-->[com.google.firebase:firebase-installations:17.0.0] AndroidManifest.xml:20:17-82
122        </service>
123        <service android:name="io.flutter.plugins.firebasemessaging.FlutterFirebaseMessagingService" >
123-->[:firebase_messaging] AndroidManifest.xml:8:9-12:19
123-->[:firebase_messaging] AndroidManifest.xml:8:18-101
124            <intent-filter>
124-->[:firebase_messaging] AndroidManifest.xml:9:13-11:29
125                <action android:name="com.google.firebase.MESSAGING_EVENT" />
125-->[:firebase_messaging] AndroidManifest.xml:10:17-78
125-->[:firebase_messaging] AndroidManifest.xml:10:25-75
126            </intent-filter>
127        </service>
128        <service
128-->[:location] AndroidManifest.xml:11:9-15:56
129            android:name="com.lyokone.location.FlutterLocationService"
129-->[:location] AndroidManifest.xml:12:13-71
130            android:enabled="true"
130-->[:location] AndroidManifest.xml:13:13-35
131            android:exported="false"
131-->[:location] AndroidManifest.xml:14:13-37
132            android:foregroundServiceType="location" />
132-->[:location] AndroidManifest.xml:15:13-53
133
134        <receiver
134-->[com.google.firebase:firebase-messaging:22.0.0] AndroidManifest.xml:28:9-35:20
135            android:name="com.google.firebase.iid.FirebaseInstanceIdReceiver"
135-->[com.google.firebase:firebase-messaging:22.0.0] AndroidManifest.xml:29:13-78
136            android:exported="true"
136-->[com.google.firebase:firebase-messaging:22.0.0] AndroidManifest.xml:30:13-36
137            android:permission="com.google.android.c2dm.permission.SEND" >
137-->[com.google.firebase:firebase-messaging:22.0.0] AndroidManifest.xml:31:13-73
138            <intent-filter>
138-->[com.google.firebase:firebase-messaging:22.0.0] AndroidManifest.xml:32:13-34:29
139                <action android:name="com.google.android.c2dm.intent.RECEIVE" />
139-->[com.google.firebase:firebase-messaging:22.0.0] AndroidManifest.xml:33:17-81
139-->[com.google.firebase:firebase-messaging:22.0.0] AndroidManifest.xml:33:25-78
140            </intent-filter>
141        </receiver>
142        <!--
143             FirebaseMessagingService performs security checks at runtime,
144             but set to not exported to explicitly avoid allowing another app to call it.
145        -->
146        <service
146-->[com.google.firebase:firebase-messaging:22.0.0] AndroidManifest.xml:41:9-48:19
147            android:name="com.google.firebase.messaging.FirebaseMessagingService"
147-->[com.google.firebase:firebase-messaging:22.0.0] AndroidManifest.xml:42:13-82
148            android:directBootAware="true"
148-->[com.google.firebase:firebase-messaging:22.0.0] AndroidManifest.xml:43:13-43
149            android:exported="false" >
149-->[com.google.firebase:firebase-messaging:22.0.0] AndroidManifest.xml:44:13-37
150            <intent-filter android:priority="-500" >
150-->[:firebase_messaging] AndroidManifest.xml:9:13-11:29
151                <action android:name="com.google.firebase.MESSAGING_EVENT" />
151-->[:firebase_messaging] AndroidManifest.xml:10:17-78
151-->[:firebase_messaging] AndroidManifest.xml:10:25-75
152            </intent-filter>
153        </service>
154        <service
154-->[com.google.android.datatransport:transport-backend-cct:3.0.0] AndroidManifest.xml:29:9-35:19
155            android:name="com.google.android.datatransport.runtime.backends.TransportBackendDiscovery"
155-->[com.google.android.datatransport:transport-backend-cct:3.0.0] AndroidManifest.xml:30:13-103
156            android:exported="false" >
156-->[com.google.android.datatransport:transport-backend-cct:3.0.0] AndroidManifest.xml:31:13-37
157            <meta-data
157-->[com.google.android.datatransport:transport-backend-cct:3.0.0] AndroidManifest.xml:32:13-34:39
158                android:name="backend:com.google.android.datatransport.cct.CctBackendFactory"
158-->[com.google.android.datatransport:transport-backend-cct:3.0.0] AndroidManifest.xml:33:17-94
159                android:value="cct" />
159-->[com.google.android.datatransport:transport-backend-cct:3.0.0] AndroidManifest.xml:34:17-36
160        </service>
161
162        <activity
162-->[com.google.firebase:firebase-auth:21.0.1] AndroidManifest.xml:27:9-44:20
163            android:name="com.google.firebase.auth.internal.GenericIdpActivity"
163-->[com.google.firebase:firebase-auth:21.0.1] AndroidManifest.xml:28:13-80
164            android:excludeFromRecents="true"
164-->[com.google.firebase:firebase-auth:21.0.1] AndroidManifest.xml:29:13-46
165            android:exported="true"
165-->[com.google.firebase:firebase-auth:21.0.1] AndroidManifest.xml:30:13-36
166            android:launchMode="singleTask"
166-->[com.google.firebase:firebase-auth:21.0.1] AndroidManifest.xml:31:13-44
167            android:theme="@android:style/Theme.Translucent.NoTitleBar" >
167-->[com.google.firebase:firebase-auth:21.0.1] AndroidManifest.xml:32:13-72
168            <intent-filter>
168-->[com.google.firebase:firebase-auth:21.0.1] AndroidManifest.xml:33:13-43:29
169                <action android:name="android.intent.action.VIEW" />
169-->[com.google.firebase:firebase-auth:21.0.1] AndroidManifest.xml:34:17-69
169-->[com.google.firebase:firebase-auth:21.0.1] AndroidManifest.xml:34:25-66
170
171                <category android:name="android.intent.category.DEFAULT" />
171-->src/main/AndroidManifest.xml:49:17-76
171-->src/main/AndroidManifest.xml:49:27-73
172                <category android:name="android.intent.category.BROWSABLE" />
172-->[com.google.firebase:firebase-auth:21.0.1] AndroidManifest.xml:37:17-78
172-->[com.google.firebase:firebase-auth:21.0.1] AndroidManifest.xml:37:27-75
173
174                <data
174-->[com.google.firebase:firebase-auth:21.0.1] AndroidManifest.xml:39:17-42:51
175                    android:host="firebase.auth"
175-->[com.google.firebase:firebase-auth:21.0.1] AndroidManifest.xml:40:21-49
176                    android:path="/"
176-->[com.google.firebase:firebase-auth:21.0.1] AndroidManifest.xml:41:21-37
177                    android:scheme="genericidp" />
177-->[com.google.firebase:firebase-auth:21.0.1] AndroidManifest.xml:42:21-48
178            </intent-filter>
179        </activity>
180        <activity
180-->[com.google.firebase:firebase-auth:21.0.1] AndroidManifest.xml:45:9-62:20
181            android:name="com.google.firebase.auth.internal.RecaptchaActivity"
181-->[com.google.firebase:firebase-auth:21.0.1] AndroidManifest.xml:46:13-79
182            android:excludeFromRecents="true"
182-->[com.google.firebase:firebase-auth:21.0.1] AndroidManifest.xml:47:13-46
183            android:exported="true"
183-->[com.google.firebase:firebase-auth:21.0.1] AndroidManifest.xml:48:13-36
184            android:launchMode="singleTask"
184-->[com.google.firebase:firebase-auth:21.0.1] AndroidManifest.xml:49:13-44
185            android:theme="@android:style/Theme.Translucent.NoTitleBar" >
185-->[com.google.firebase:firebase-auth:21.0.1] AndroidManifest.xml:50:13-72
186            <intent-filter>
186-->[com.google.firebase:firebase-auth:21.0.1] AndroidManifest.xml:51:13-61:29
187                <action android:name="android.intent.action.VIEW" />
187-->[com.google.firebase:firebase-auth:21.0.1] AndroidManifest.xml:34:17-69
187-->[com.google.firebase:firebase-auth:21.0.1] AndroidManifest.xml:34:25-66
188
189                <category android:name="android.intent.category.DEFAULT" />
189-->src/main/AndroidManifest.xml:49:17-76
189-->src/main/AndroidManifest.xml:49:27-73
190                <category android:name="android.intent.category.BROWSABLE" />
190-->[com.google.firebase:firebase-auth:21.0.1] AndroidManifest.xml:37:17-78
190-->[com.google.firebase:firebase-auth:21.0.1] AndroidManifest.xml:37:27-75
191
192                <data
192-->[com.google.firebase:firebase-auth:21.0.1] AndroidManifest.xml:39:17-42:51
193                    android:host="firebase.auth"
193-->[com.google.firebase:firebase-auth:21.0.1] AndroidManifest.xml:40:21-49
194                    android:path="/"
194-->[com.google.firebase:firebase-auth:21.0.1] AndroidManifest.xml:41:21-37
195                    android:scheme="recaptcha" />
195-->[com.google.firebase:firebase-auth:21.0.1] AndroidManifest.xml:42:21-48
196            </intent-filter>
197        </activity>
198
199        <service
199-->[com.google.firebase:firebase-auth:21.0.1] AndroidManifest.xml:64:9-73:19
200            android:name="com.google.firebase.auth.api.fallback.service.FirebaseAuthFallbackService"
200-->[com.google.firebase:firebase-auth:21.0.1] AndroidManifest.xml:65:13-101
201            android:enabled="true"
201-->[com.google.firebase:firebase-auth:21.0.1] AndroidManifest.xml:66:13-35
202            android:exported="false" >
202-->[com.google.firebase:firebase-auth:21.0.1] AndroidManifest.xml:67:13-37
203            <intent-filter>
203-->[com.google.firebase:firebase-auth:21.0.1] AndroidManifest.xml:68:13-72:29
204                <action android:name="com.google.firebase.auth.api.gms.service.START" />
204-->[com.google.firebase:firebase-auth:21.0.1] AndroidManifest.xml:69:17-89
204-->[com.google.firebase:firebase-auth:21.0.1] AndroidManifest.xml:69:25-86
205
206                <category android:name="android.intent.category.DEFAULT" />
206-->src/main/AndroidManifest.xml:49:17-76
206-->src/main/AndroidManifest.xml:49:27-73
207            </intent-filter>
208        </service>
209
210        <provider
210-->[com.google.firebase:firebase-common:20.0.0] AndroidManifest.xml:26:9-31:39
211            android:name="com.google.firebase.provider.FirebaseInitProvider"
211-->[com.google.firebase:firebase-common:20.0.0] AndroidManifest.xml:27:13-77
212            android:authorities="com.eco.temp.firebaseinitprovider"
212-->[com.google.firebase:firebase-common:20.0.0] AndroidManifest.xml:28:13-72
213            android:directBootAware="true"
213-->[com.google.firebase:firebase-common:20.0.0] AndroidManifest.xml:29:13-43
214            android:exported="false"
214-->[com.google.firebase:firebase-common:20.0.0] AndroidManifest.xml:30:13-37
215            android:initOrder="100" />
215-->[com.google.firebase:firebase-common:20.0.0] AndroidManifest.xml:31:13-36
216
217        <receiver
217-->[com.google.android.gms:play-services-measurement:19.0.1] AndroidManifest.xml:29:9-33:20
218            android:name="com.google.android.gms.measurement.AppMeasurementReceiver"
218-->[com.google.android.gms:play-services-measurement:19.0.1] AndroidManifest.xml:30:13-85
219            android:enabled="true"
219-->[com.google.android.gms:play-services-measurement:19.0.1] AndroidManifest.xml:31:13-35
220            android:exported="false" >
220-->[com.google.android.gms:play-services-measurement:19.0.1] AndroidManifest.xml:32:13-37
221        </receiver>
222
223        <service
223-->[com.google.android.gms:play-services-measurement:19.0.1] AndroidManifest.xml:35:9-38:40
224            android:name="com.google.android.gms.measurement.AppMeasurementService"
224-->[com.google.android.gms:play-services-measurement:19.0.1] AndroidManifest.xml:36:13-84
225            android:enabled="true"
225-->[com.google.android.gms:play-services-measurement:19.0.1] AndroidManifest.xml:37:13-35
226            android:exported="false" />
226-->[com.google.android.gms:play-services-measurement:19.0.1] AndroidManifest.xml:38:13-37
227        <service
227-->[com.google.android.gms:play-services-measurement:19.0.1] AndroidManifest.xml:39:9-43:72
228            android:name="com.google.android.gms.measurement.AppMeasurementJobService"
228-->[com.google.android.gms:play-services-measurement:19.0.1] AndroidManifest.xml:40:13-87
229            android:enabled="true"
229-->[com.google.android.gms:play-services-measurement:19.0.1] AndroidManifest.xml:41:13-35
230            android:exported="false"
230-->[com.google.android.gms:play-services-measurement:19.0.1] AndroidManifest.xml:42:13-37
231            android:permission="android.permission.BIND_JOB_SERVICE" />
231-->[com.google.android.gms:play-services-measurement:19.0.1] AndroidManifest.xml:43:13-69
232
233        <activity
233-->[com.facebook.android:facebook-common:5.5.1] AndroidManifest.xml:29:9-32:66
234            android:name="com.facebook.FacebookActivity"
234-->[com.facebook.android:facebook-common:5.5.1] AndroidManifest.xml:30:13-57
235            android:configChanges="keyboard|keyboardHidden|screenLayout|screenSize|orientation"
235-->[com.facebook.android:facebook-common:5.5.1] AndroidManifest.xml:31:13-96
236            android:theme="@style/com_facebook_activity_theme" />
236-->[com.facebook.android:facebook-common:5.5.1] AndroidManifest.xml:32:13-63
237        <activity android:name="com.facebook.CustomTabMainActivity" />
237-->[com.facebook.android:facebook-common:5.5.1] AndroidManifest.xml:33:9-71
237-->[com.facebook.android:facebook-common:5.5.1] AndroidManifest.xml:33:19-68
238        <activity android:name="com.facebook.CustomTabActivity" />
238-->[com.facebook.android:facebook-common:5.5.1] AndroidManifest.xml:34:9-67
238-->[com.facebook.android:facebook-common:5.5.1] AndroidManifest.xml:34:19-64
239        <!--
240         The initialization ContentProvider will call FacebookSdk.sdkInitialize automatically
241         with the application context. This config is merged in with the host app's manifest,
242         but there can only be one provider with the same authority activated at any given
243         point; so if the end user has two or more different apps that use Facebook SDK, only the
244         first one will be able to use the provider. To work around this problem, we use the
245         following placeholder in the authority to identify each host application as if it was
246         a completely different provider.
247        -->
248        <provider
248-->[com.facebook.android:facebook-core:5.5.1] AndroidManifest.xml:39:9-42:40
249            android:name="com.facebook.internal.FacebookInitProvider"
249-->[com.facebook.android:facebook-core:5.5.1] AndroidManifest.xml:40:13-70
250            android:authorities="com.eco.temp.FacebookInitProvider"
250-->[com.facebook.android:facebook-core:5.5.1] AndroidManifest.xml:41:13-72
251            android:exported="false" />
251-->[com.facebook.android:facebook-core:5.5.1] AndroidManifest.xml:42:13-37
252
253        <receiver
253-->[com.facebook.android:facebook-core:5.5.1] AndroidManifest.xml:44:9-50:20
254            android:name="com.facebook.CurrentAccessTokenExpirationBroadcastReceiver"
254-->[com.facebook.android:facebook-core:5.5.1] AndroidManifest.xml:45:13-86
255            android:exported="false" >
255-->[com.facebook.android:facebook-core:5.5.1] AndroidManifest.xml:46:13-37
256            <intent-filter>
256-->[com.facebook.android:facebook-core:5.5.1] AndroidManifest.xml:47:13-49:29
257                <action android:name="com.facebook.sdk.ACTION_CURRENT_ACCESS_TOKEN_CHANGED" />
257-->[com.facebook.android:facebook-core:5.5.1] AndroidManifest.xml:48:17-95
257-->[com.facebook.android:facebook-core:5.5.1] AndroidManifest.xml:48:25-92
258            </intent-filter>
259        </receiver>
260        <receiver
260-->[com.facebook.android:facebook-core:5.5.1] AndroidManifest.xml:51:9-58:20
261            android:name="com.facebook.CampaignTrackingReceiver"
261-->[com.facebook.android:facebook-core:5.5.1] AndroidManifest.xml:52:13-65
262            android:exported="true"
262-->[com.facebook.android:facebook-core:5.5.1] AndroidManifest.xml:53:13-36
263            android:permission="android.permission.INSTALL_PACKAGES" >
263-->[com.facebook.android:facebook-core:5.5.1] AndroidManifest.xml:54:13-69
264            <intent-filter>
264-->[com.facebook.android:facebook-core:5.5.1] AndroidManifest.xml:55:13-57:29
265                <action android:name="com.android.vending.INSTALL_REFERRER" />
265-->[com.facebook.android:facebook-core:5.5.1] AndroidManifest.xml:56:17-79
265-->[com.facebook.android:facebook-core:5.5.1] AndroidManifest.xml:56:25-76
266            </intent-filter>
267        </receiver>
268
269        <service
269-->[com.google.android.datatransport:transport-runtime:3.0.0] AndroidManifest.xml:26:9-30:19
270            android:name="com.google.android.datatransport.runtime.scheduling.jobscheduling.JobInfoSchedulerService"
270-->[com.google.android.datatransport:transport-runtime:3.0.0] AndroidManifest.xml:27:13-117
271            android:exported="false"
271-->[com.google.android.datatransport:transport-runtime:3.0.0] AndroidManifest.xml:28:13-37
272            android:permission="android.permission.BIND_JOB_SERVICE" >
272-->[com.google.android.datatransport:transport-runtime:3.0.0] AndroidManifest.xml:29:13-69
273        </service>
274
275        <receiver
275-->[com.google.android.datatransport:transport-runtime:3.0.0] AndroidManifest.xml:32:9-34:40
276            android:name="com.google.android.datatransport.runtime.scheduling.jobscheduling.AlarmManagerSchedulerBroadcastReceiver"
276-->[com.google.android.datatransport:transport-runtime:3.0.0] AndroidManifest.xml:33:13-132